0 info it worked if it ends with ok
1 verbose cli [ 'node', '/usr/local/bin/npm', 'run', 'git-content' ]
2 info using npm@2.1.6
3 info using node@v0.10.33
4 verbose node symlink /usr/local/bin/node
5 verbose run-script [ 'pregit-content', 'git-content', 'postgit-content' ]
6 info pregit-content harp-boilerplate@0.1.2
7 info git-content harp-boilerplate@0.1.2
8 verbose unsafe-perm in lifecycle true
9 info harp-boilerplate@0.1.2 Failed to exec git-content script
10 verbose stack Error: harp-boilerplate@0.1.2 git-content: `git commit -a -m 'content' && git push origin master`
10 verbose stack Exit status 1
10 verbose stack     at ChildProcess.<anonymous> (/usr/local/lib/node_modules/npm/lib/utils/lifecycle.js:212:16)
10 verbose stack     at ChildProcess.emit (events.js:98:17)
10 verbose stack     at maybeClose (child_process.js:756:16)
10 verbose stack     at Process.ChildProcess._handle.onexit (child_process.js:823:5)
11 verbose pkgid harp-boilerplate@0.1.2
12 verbose cwd /Users/krulik/Dropbox/Netcraft/code/360
13 error Darwin 14.4.0
14 error argv "node" "/usr/local/bin/npm" "run" "git-content"
15 error node v0.10.33
16 error npm  v2.1.6
17 error code ELIFECYCLE
18 error harp-boilerplate@0.1.2 git-content: `git commit -a -m 'content' && git push origin master`
18 error Exit status 1
19 error Failed at the harp-boilerplate@0.1.2 git-content script.
19 error This is most likely a problem with the harp-boilerplate package,
19 error not with npm itself.
19 error Tell the author that this fails on your system:
19 error     git commit -a -m 'content' && git push origin master
19 error You can get their info via:
19 error     npm owner ls harp-boilerplate
19 error There is likely additional logging output above.
20 verbose exit [ 1, true ]
